1729070607.394203 client started (63737): version 3.5a, socket /private/tmp/tmux-501/default, protocol 8
1729070607.394283 on Darwin 23.1.0 Darwin Kernel Version 23.1.0: Mon Oct  9 21:28:31 PDT 2023; root:xnu-10002.41.9~6/RELEASE_ARM64_T8112
1729070607.394296 using libevent 2.1.12-stable select
1729070607.394801 using utf8proc 2.9.0
1729070607.394813 using ncurses 6.4 20221231
1729070607.394835 flags are 0x18010000
1729070607.394841 socket is /private/tmp/tmux-501/default
1729070607.394853 trying connect
1729070607.394906 add peer 0x128008000: 6 (0x0)
1729070607.396939 sending message 111 to peer 0x128008000 (8 bytes)
1729070607.396952 sending message 111 to peer 0x128008000 (8 bytes)
1729070607.396959 sending message 101 to peer 0x128008000 (15 bytes)
1729070607.396965 sending message 109 to peer 0x128008000 (4 bytes)
1729070607.396971 sending message 102 to peer 0x128008000 (13 bytes)
1729070607.396977 sending message 108 to peer 0x128008000 (36 bytes)
1729070607.396983 sending message 112 to peer 0x128008000 (58 bytes)
1729070607.396988 sending message 112 to peer 0x128008000 (5 bytes)
1729070607.396994 sending message 112 to peer 0x128008000 (5 bytes)
1729070607.397000 sending message 112 to peer 0x128008000 (6 bytes)
1729070607.397005 sending message 112 to peer 0x128008000 (6 bytes)
1729070607.397011 sending message 112 to peer 0x128008000 (11 bytes)
1729070607.397017 sending message 112 to peer 0x128008000 (10 bytes)
1729070607.397023 sending message 112 to peer 0x128008000 (13 bytes)
1729070607.397028 sending message 112 to peer 0x128008000 (14 bytes)
1729070607.397034 sending message 112 to peer 0x128008000 (19 bytes)
1729070607.397040 sending message 112 to peer 0x128008000 (11 bytes)
1729070607.397045 sending message 112 to peer 0x128008000 (10 bytes)
1729070607.397051 sending message 112 to peer 0x128008000 (15 bytes)
1729070607.397056 sending message 112 to peer 0x128008000 (21 bytes)
1729070607.397062 sending message 112 to peer 0x128008000 (13 bytes)
1729070607.397068 sending message 112 to peer 0x128008000 (7 bytes)
1729070607.397073 sending message 112 to peer 0x128008000 (13 bytes)
1729070607.397079 sending message 112 to peer 0x128008000 (7 bytes)
1729070607.397085 sending message 112 to peer 0x128008000 (13 bytes)
1729070607.397090 sending message 112 to peer 0x128008000 (9 bytes)
1729070607.397096 sending message 112 to peer 0x128008000 (21 bytes)
1729070607.397101 sending message 112 to peer 0x128008000 (13 bytes)
1729070607.397107 sending message 112 to peer 0x128008000 (9 bytes)
1729070607.397113 sending message 112 to peer 0x128008000 (16 bytes)
1729070607.397118 sending message 112 to peer 0x128008000 (13 bytes)
1729070607.397124 sending message 112 to peer 0x128008000 (9 bytes)
1729070607.397130 sending message 112 to peer 0x128008000 (9 bytes)
1729070607.397135 sending message 112 to peer 0x128008000 (12 bytes)
1729070607.397141 sending message 112 to peer 0x128008000 (8 bytes)
1729070607.397146 sending message 112 to peer 0x128008000 (8 bytes)
1729070607.397152 sending message 112 to peer 0x128008000 (13 bytes)
1729070607.397157 sending message 112 to peer 0x128008000 (7 bytes)
1729070607.397163 sending message 112 to peer 0x128008000 (7 bytes)
1729070607.397169 sending message 112 to peer 0x128008000 (9 bytes)
1729070607.397174 sending message 112 to peer 0x128008000 (9 bytes)
1729070607.397180 sending message 112 to peer 0x128008000 (15 bytes)
1729070607.397186 sending message 112 to peer 0x128008000 (13 bytes)
1729070607.397191 sending message 112 to peer 0x128008000 (12 bytes)
1729070607.397197 sending message 112 to peer 0x128008000 (8 bytes)
1729070607.397203 sending message 112 to peer 0x128008000 (14 bytes)
1729070607.397209 sending message 112 to peer 0x128008000 (11 bytes)
1729070607.397220 sending message 112 to peer 0x128008000 (9 bytes)
1729070607.397226 sending message 112 to peer 0x128008000 (10 bytes)
1729070607.397232 sending message 112 to peer 0x128008000 (10 bytes)
1729070607.397238 sending message 112 to peer 0x128008000 (10 bytes)
1729070607.397244 sending message 112 to peer 0x128008000 (10 bytes)
1729070607.397265 sending message 112 to peer 0x128008000 (11 bytes)
1729070607.397269 sending message 112 to peer 0x128008000 (12 bytes)
1729070607.397273 sending message 112 to peer 0x128008000 (12 bytes)
1729070607.397277 sending message 112 to peer 0x128008000 (12 bytes)
1729070607.397281 sending message 112 to peer 0x128008000 (12 bytes)
1729070607.397284 sending message 112 to peer 0x128008000 (12 bytes)
1729070607.397288 sending message 112 to peer 0x128008000 (11 bytes)
1729070607.397291 sending message 112 to peer 0x128008000 (11 bytes)
1729070607.397295 sending message 112 to peer 0x128008000 (12 bytes)
1729070607.397299 sending message 112 to peer 0x128008000 (12 bytes)
1729070607.397302 sending message 112 to peer 0x128008000 (12 bytes)
1729070607.397306 sending message 112 to peer 0x128008000 (12 bytes)
1729070607.397310 sending message 112 to peer 0x128008000 (12 bytes)
1729070607.397313 sending message 112 to peer 0x128008000 (9 bytes)
1729070607.397317 sending message 112 to peer 0x128008000 (12 bytes)
1729070607.397320 sending message 112 to peer 0x128008000 (13 bytes)
1729070607.397324 sending message 112 to peer 0x128008000 (13 bytes)
1729070607.397328 sending message 112 to peer 0x128008000 (13 bytes)
1729070607.397331 sending message 112 to peer 0x128008000 (13 bytes)
1729070607.397335 sending message 112 to peer 0x128008000 (13 bytes)
1729070607.397339 sending message 112 to peer 0x128008000 (8 bytes)
1729070607.397342 sending message 112 to peer 0x128008000 (11 bytes)
1729070607.397346 sending message 112 to peer 0x128008000 (11 bytes)
1729070607.397350 sending message 112 to peer 0x128008000 (11 bytes)
1729070607.397353 sending message 112 to peer 0x128008000 (12 bytes)
1729070607.397357 sending message 112 to peer 0x128008000 (12 bytes)
1729070607.397360 sending message 112 to peer 0x128008000 (12 bytes)
1729070607.397364 sending message 112 to peer 0x128008000 (12 bytes)
1729070607.397368 sending message 112 to peer 0x128008000 (13 bytes)
1729070607.397371 sending message 112 to peer 0x128008000 (13 bytes)
1729070607.397375 sending message 112 to peer 0x128008000 (13 bytes)
1729070607.397378 sending message 112 to peer 0x128008000 (8 bytes)
1729070607.397382 sending message 112 to peer 0x128008000 (13 bytes)
1729070607.397386 sending message 112 to peer 0x128008000 (13 bytes)
1729070607.397389 sending message 112 to peer 0x128008000 (13 bytes)
1729070607.397393 sending message 112 to peer 0x128008000 (13 bytes)
1729070607.397396 sending message 112 to peer 0x128008000 (13 bytes)
1729070607.397400 sending message 112 to peer 0x128008000 (12 bytes)
1729070607.397404 sending message 112 to peer 0x128008000 (12 bytes)
1729070607.397407 sending message 112 to peer 0x128008000 (12 bytes)
1729070607.397411 sending message 112 to peer 0x128008000 (12 bytes)
1729070607.397414 sending message 112 to peer 0x128008000 (13 bytes)
1729070607.397418 sending message 112 to peer 0x128008000 (8 bytes)
1729070607.397422 sending message 112 to peer 0x128008000 (13 bytes)
1729070607.397425 sending message 112 to peer 0x128008000 (13 bytes)
1729070607.397429 sending message 112 to peer 0x128008000 (13 bytes)
1729070607.397432 sending message 112 to peer 0x128008000 (13 bytes)
1729070607.397436 sending message 112 to peer 0x128008000 (13 bytes)
1729070607.397440 sending message 112 to peer 0x128008000 (13 bytes)
1729070607.397443 sending message 112 to peer 0x128008000 (13 bytes)
1729070607.397447 sending message 112 to peer 0x128008000 (12 bytes)
1729070607.397450 sending message 112 to peer 0x128008000 (12 bytes)
1729070607.397454 sending message 112 to peer 0x128008000 (12 bytes)
1729070607.397458 sending message 112 to peer 0x128008000 (8 bytes)
1729070607.397461 sending message 112 to peer 0x128008000 (12 bytes)
1729070607.397465 sending message 112 to peer 0x128008000 (13 bytes)
1729070607.397469 sending message 112 to peer 0x128008000 (13 bytes)
1729070607.397473 sending message 112 to peer 0x128008000 (13 bytes)
1729070607.397477 sending message 112 to peer 0x128008000 (13 bytes)
1729070607.397481 sending message 112 to peer 0x128008000 (13 bytes)
1729070607.397500 sending message 112 to peer 0x128008000 (13 bytes)
1729070607.397505 sending message 112 to peer 0x128008000 (13 bytes)
1729070607.397509 sending message 112 to peer 0x128008000 (13 bytes)
1729070607.397513 sending message 112 to peer 0x128008000 (12 bytes)
1729070607.397517 sending message 112 to peer 0x128008000 (10 bytes)
1729070607.397521 sending message 112 to peer 0x128008000 (12 bytes)
1729070607.397525 sending message 112 to peer 0x128008000 (12 bytes)
1729070607.397529 sending message 112 to peer 0x128008000 (12 bytes)
1729070607.397533 sending message 112 to peer 0x128008000 (13 bytes)
1729070607.397536 sending message 112 to peer 0x128008000 (13 bytes)
1729070607.397540 sending message 112 to peer 0x128008000 (13 bytes)
1729070607.397544 sending message 112 to peer 0x128008000 (13 bytes)
1729070607.397547 sending message 112 to peer 0x128008000 (13 bytes)
1729070607.397551 sending message 112 to peer 0x128008000 (13 bytes)
1729070607.397555 sending message 112 to peer 0x128008000 (13 bytes)
1729070607.397560 sending message 112 to peer 0x128008000 (10 bytes)
1729070607.397563 sending message 112 to peer 0x128008000 (13 bytes)
1729070607.397567 sending message 112 to peer 0x128008000 (12 bytes)
1729070607.397570 sending message 112 to peer 0x128008000 (12 bytes)
1729070607.397574 sending message 112 to peer 0x128008000 (12 bytes)
1729070607.397578 sending message 112 to peer 0x128008000 (10 bytes)
1729070607.397582 sending message 112 to peer 0x128008000 (10 bytes)
1729070607.397586 sending message 112 to peer 0x128008000 (10 bytes)
1729070607.397590 sending message 112 to peer 0x128008000 (12 bytes)
1729070607.397595 sending message 112 to peer 0x128008000 (13 bytes)
1729070607.397598 sending message 112 to peer 0x128008000 (13 bytes)
1729070607.397603 sending message 112 to peer 0x128008000 (13 bytes)
1729070607.397607 sending message 112 to peer 0x128008000 (13 bytes)
1729070607.397610 sending message 112 to peer 0x128008000 (13 bytes)
1729070607.397614 sending message 112 to peer 0x128008000 (10 bytes)
1729070607.397618 sending message 112 to peer 0x128008000 (11 bytes)
1729070607.397621 sending message 112 to peer 0x128008000 (12 bytes)
1729070607.397625 sending message 112 to peer 0x128008000 (12 bytes)
1729070607.397628 sending message 112 to peer 0x128008000 (12 bytes)
1729070607.397632 sending message 112 to peer 0x128008000 (12 bytes)
1729070607.397636 sending message 112 to peer 0x128008000 (12 bytes)
1729070607.397639 sending message 112 to peer 0x128008000 (11 bytes)
1729070607.397643 sending message 112 to peer 0x128008000 (12 bytes)
1729070607.397646 sending message 112 to peer 0x128008000 (12 bytes)
1729070607.397650 sending message 112 to peer 0x128008000 (13 bytes)
1729070607.397653 sending message 112 to peer 0x128008000 (13 bytes)
1729070607.397657 sending message 112 to peer 0x128008000 (13 bytes)
1729070607.397661 sending message 112 to peer 0x128008000 (13 bytes)
1729070607.397664 sending message 112 to peer 0x128008000 (13 bytes)
1729070607.397668 sending message 112 to peer 0x128008000 (10 bytes)
1729070607.397671 sending message 112 to peer 0x128008000 (9 bytes)
1729070607.397675 sending message 112 to peer 0x128008000 (12 bytes)
1729070607.397679 sending message 112 to peer 0x128008000 (13 bytes)
1729070607.397682 sending message 112 to peer 0x128008000 (13 bytes)
1729070607.397686 sending message 112 to peer 0x128008000 (13 bytes)
1729070607.397690 sending message 112 to peer 0x128008000 (13 bytes)
1729070607.397694 sending message 112 to peer 0x128008000 (13 bytes)
1729070607.397698 sending message 112 to peer 0x128008000 (9 bytes)
1729070607.397701 sending message 112 to peer 0x128008000 (12 bytes)
1729070607.397705 sending message 112 to peer 0x128008000 (13 bytes)
1729070607.397710 sending message 112 to peer 0x128008000 (13 bytes)
1729070607.397714 sending message 112 to peer 0x128008000 (13 bytes)
1729070607.397718 sending message 112 to peer 0x128008000 (13 bytes)
1729070607.397722 sending message 112 to peer 0x128008000 (13 bytes)
1729070607.397734 sending message 112 to peer 0x128008000 (11 bytes)
1729070607.397738 sending message 112 to peer 0x128008000 (12 bytes)
1729070607.397742 sending message 112 to peer 0x128008000 (13 bytes)
1729070607.397746 sending message 112 to peer 0x128008000 (13 bytes)
1729070607.397751 sending message 112 to peer 0x128008000 (13 bytes)
1729070607.397756 sending message 112 to peer 0x128008000 (13 bytes)
1729070607.397761 sending message 112 to peer 0x128008000 (13 bytes)
1729070607.397766 sending message 112 to peer 0x128008000 (11 bytes)
1729070607.397769 sending message 112 to peer 0x128008000 (12 bytes)
1729070607.397773 sending message 112 to peer 0x128008000 (12 bytes)
1729070607.397777 sending message 112 to peer 0x128008000 (12 bytes)
1729070607.397781 sending message 112 to peer 0x128008000 (12 bytes)
1729070607.397785 sending message 112 to peer 0x128008000 (12 bytes)
1729070607.397790 sending message 112 to peer 0x128008000 (21 bytes)
1729070607.397795 sending message 112 to peer 0x128008000 (12 bytes)
1729070607.397800 sending message 112 to peer 0x128008000 (9 bytes)
1729070607.397805 sending message 112 to peer 0x128008000 (6 bytes)
1729070607.397808 sending message 112 to peer 0x128008000 (13 bytes)
1729070607.397812 sending message 112 to peer 0x128008000 (10 bytes)
1729070607.397816 sending message 112 to peer 0x128008000 (24 bytes)
1729070607.397820 sending message 112 to peer 0x128008000 (13 bytes)
1729070607.397824 sending message 112 to peer 0x128008000 (9 bytes)
1729070607.397829 sending message 112 to peer 0x128008000 (70 bytes)
1729070607.397833 sending message 112 to peer 0x128008000 (69 bytes)
1729070607.397838 sending message 112 to peer 0x128008000 (12 bytes)
1729070607.397843 sending message 112 to peer 0x128008000 (10 bytes)
1729070607.397847 sending message 112 to peer 0x128008000 (10 bytes)
1729070607.397851 sending message 112 to peer 0x128008000 (24 bytes)
1729070607.397855 sending message 112 to peer 0x128008000 (13 bytes)
1729070607.397859 sending message 112 to peer 0x128008000 (10 bytes)
1729070607.397863 sending message 112 to peer 0x128008000 (10 bytes)
1729070607.397866 sending message 112 to peer 0x128008000 (10 bytes)
1729070607.397870 sending message 112 to peer 0x128008000 (13 bytes)
1729070607.397875 sending message 112 to peer 0x128008000 (15 bytes)
1729070607.397879 sending message 112 to peer 0x128008000 (5 bytes)
1729070607.397885 sending message 104 to peer 0x128008000 (0 bytes)
1729070607.397889 sending message 110 to peer 0x128008000 (0 bytes)
1729070607.397894 sending message 107 to peer 0x128008000 (4 bytes)
1729070607.397898 sending message 105 to peer 0x128008000 (66 bytes)
1729070607.397902 sending message 105 to peer 0x128008000 (87 bytes)
1729070607.397907 sending message 105 to peer 0x128008000 (13 bytes)
1729070607.397911 sending message 105 to peer 0x128008000 (47 bytes)
1729070607.397915 sending message 105 to peer 0x128008000 (144 bytes)
1729070607.397920 sending message 105 to peer 0x128008000 (16 bytes)
1729070607.397924 sending message 105 to peer 0x128008000 (21 bytes)
1729070607.397928 sending message 105 to peer 0x128008000 (43 bytes)
1729070607.397932 sending message 105 to peer 0x128008000 (12 bytes)
1729070607.397935 sending message 105 to peer 0x128008000 (19 bytes)
1729070607.397939 sending message 105 to peer 0x128008000 (20 bytes)
1729070607.397942 sending message 105 to peer 0x128008000 (125 bytes)
1729070607.397946 sending message 105 to peer 0x128008000 (20 bytes)
1729070607.397951 sending message 105 to peer 0x128008000 (64 bytes)
1729070607.397955 sending message 105 to peer 0x128008000 (31 bytes)
1729070607.397959 sending message 105 to peer 0x128008000 (21 bytes)
1729070607.397964 sending message 105 to peer 0x128008000 (57 bytes)
1729070607.397968 sending message 105 to peer 0x128008000 (15 bytes)
1729070607.397973 sending message 105 to peer 0x128008000 (55 bytes)
1729070607.397976 sending message 105 to peer 0x128008000 (25 bytes)
1729070607.397980 sending message 105 to peer 0x128008000 (18 bytes)
1729070607.398000 sending message 105 to peer 0x128008000 (42 bytes)
1729070607.398004 sending message 105 to peer 0x128008000 (14 bytes)
1729070607.398009 sending message 105 to peer 0x128008000 (35 bytes)
1729070607.398013 sending message 105 to peer 0x128008000 (252 bytes)
1729070607.398017 sending message 105 to peer 0x128008000 (19 bytes)
1729070607.398020 sending message 105 to peer 0x128008000 (38 bytes)
1729070607.398025 sending message 105 to peer 0x128008000 (37 bytes)
1729070607.398030 sending message 105 to peer 0x128008000 (25 bytes)
1729070607.398035 sending message 105 to peer 0x128008000 (19 bytes)
1729070607.398039 sending message 105 to peer 0x128008000 (100 bytes)
1729070607.398044 sending message 105 to peer 0x128008000 (15 bytes)
1729070607.398047 sending message 105 to peer 0x128008000 (35 bytes)
1729070607.398051 sending message 105 to peer 0x128008000 (40 bytes)
1729070607.398054 sending message 105 to peer 0x128008000 (18 bytes)
1729070607.398062 sending message 105 to peer 0x128008000 (64 bytes)
1729070607.398066 sending message 105 to peer 0x128008000 (23 bytes)
1729070607.398069 sending message 105 to peer 0x128008000 (194 bytes)
1729070607.398073 sending message 105 to peer 0x128008000 (20 bytes)
1729070607.398077 sending message 105 to peer 0x128008000 (48 bytes)
1729070607.398080 sending message 105 to peer 0x128008000 (53 bytes)
1729070607.398084 sending message 105 to peer 0x128008000 (16 bytes)
1729070607.398087 sending message 105 to peer 0x128008000 (485 bytes)
1729070607.398092 sending message 105 to peer 0x128008000 (19 bytes)
1729070607.398097 sending message 105 to peer 0x128008000 (71 bytes)
1729070607.398101 sending message 105 to peer 0x128008000 (36 bytes)
1729070607.398105 sending message 105 to peer 0x128008000 (29 bytes)
1729070607.398109 sending message 105 to peer 0x128008000 (20 bytes)
1729070607.398112 sending message 105 to peer 0x128008000 (32 bytes)
1729070607.398116 sending message 105 to peer 0x128008000 (30 bytes)
1729070607.398120 sending message 105 to peer 0x128008000 (34 bytes)
1729070607.398125 sending message 105 to peer 0x128008000 (25 bytes)
1729070607.398129 sending message 105 to peer 0x128008000 (56 bytes)
1729070607.398133 sending message 105 to peer 0x128008000 (17 bytes)
1729070607.398137 sending message 105 to peer 0x128008000 (26 bytes)
1729070607.398140 sending message 105 to peer 0x128008000 (20 bytes)
1729070607.398144 sending message 105 to peer 0x128008000 (25 bytes)
1729070607.398148 sending message 105 to peer 0x128008000 (22 bytes)
1729070607.398153 sending message 105 to peer 0x128008000 (33 bytes)
1729070607.398157 sending message 105 to peer 0x128008000 (87 bytes)
1729070607.398161 sending message 105 to peer 0x128008000 (28 bytes)
1729070607.398165 sending message 105 to peer 0x128008000 (97 bytes)
1729070607.398168 sending message 105 to peer 0x128008000 (57 bytes)
1729070607.398172 sending message 105 to peer 0x128008000 (45 bytes)
1729070607.398176 sending message 105 to peer 0x128008000 (53 bytes)
1729070607.398180 sending message 105 to peer 0x128008000 (51 bytes)
1729070607.398184 sending message 105 to peer 0x128008000 (10 bytes)
1729070607.398187 sending message 105 to peer 0x128008000 (53 bytes)
1729070607.398191 sending message 105 to peer 0x128008000 (31 bytes)
1729070607.398194 sending message 105 to peer 0x128008000 (8 bytes)
1729070607.398198 sending message 105 to peer 0x128008000 (38 bytes)
1729070607.398202 sending message 105 to peer 0x128008000 (29 bytes)
1729070607.398206 sending message 105 to peer 0x128008000 (33 bytes)
1729070607.398211 sending message 105 to peer 0x128008000 (83 bytes)
1729070607.398215 sending message 105 to peer 0x128008000 (39 bytes)
1729070607.398219 sending message 106 to peer 0x128008000 (0 bytes)
1729070607.398281 sending message 200 to peer 0x128008000 (4 bytes)
1729070607.398287 client loop enter
1729070607.401058 peer 0x128008000 message 207
1729070607.401075 sending message 208 to peer 0x128008000 (0 bytes)
1729070610.436666 peer 0x128008000 message 203
1729070610.436687 sending message 205 to peer 0x128008000 (0 bytes)
1729070610.436907 peer 0x128008000 message 204
1729070610.436920 client loop exit
